2012.08.15 11:04 B C:\shareddocs\bonita springs friends\site2012\default.htm --> papyrusdocument.com /bs2012 default.htm
2012.08.15 11:04 B C:\shareddocs\bonita springs friends\site2012\volunteer.htm --> papyrusdocument.com /bs2012 volunteer.htm
2012.08.15 11:04 B C:\shareddocs\bonita springs friends\site2012\thanks.htm --> papyrusdocument.com /bs2012 thanks.htm
2012.08.15 11:04 B C:\shareddocs\bonita springs friends\site2012\purchase.htm --> papyrusdocument.com /bs2012 purchase.htm
2012.08.15 11:04 B C:\shareddocs\bonita springs friends\site2012\membership.htm --> papyrusdocument.com /bs2012 membership.htm
2012.08.15 11:04 B C:\shareddocs\bonita springs friends\site2012\master.dwt --> papyrusdocument.com /bs2012 master.dwt
2012.08.15 11:04 B C:\shareddocs\bonita springs friends\site2012\help.htm --> papyrusdocument.com /bs2012 help.htm
2012.08.15 11:04 B C:\shareddocs\bonita springs friends\site2012\galleries.htm --> papyrusdocument.com /bs2012 galleries.htm
2012.08.15 11:04 B C:\shareddocs\bonita springs friends\site2012\events.htm --> papyrusdocument.com /bs2012 events.htm
2012.08.15 11:04 B C:\shareddocs\bonita springs friends\site2012\disclaimer.htm --> papyrusdocument.com /bs2012 disclaimer.htm
2012.08.15 11:04 B C:\shareddocs\bonita springs friends\site2012\contact.htm --> papyrusdocument.com /bs2012 contact.htm
2012.08.15 11:04 B C:\shareddocs\bonita springs friends\site2012\book-sales.htm --> papyrusdocument.com /bs2012 book-sales.htm
2012.08.15 11:04 B C:\shareddocs\bonita springs friends\site2012\board.htm --> papyrusdocument.com /bs2012 board.htm
2012.08.15 11:04 B C:\shareddocs\bonita springs friends\site2012\accomplishments.htm --> papyrusdocument.com /bs2012 accomplishments.htm
2012.08.15 11:04 B C:\shareddocs\bonita springs friends\site2012\about.htm --> papyrusdocument.com /bs2012 about.htm
2012.08.15 11:04 B C:\shareddocs\bonita springs friends\site2012\2012authors.htm --> papyrusdocument.com /bs2012 2012authors.htm
2012.08.15 11:04 B C:\shareddocs\bonita springs friends\site2012\volunteer2.gif --> papyrusdocument.com /bs2012 volunteer2.gif
2012.08.15 11:04 B C:\shareddocs\bonita springs friends\site2012\styles.css --> papyrusdocument.com /bs2012 styles.css
2012.08.15 11:04 B C:\shareddocs\bonita springs friends\site2012\stats.htm --> papyrusdocument.com /bs2012 stats.htm
2012.08.15 11:04 B C:\shareddocs\bonita springs friends\site2012\robots.txt --> papyrusdocument.com /bs2012 robots.txt
2012.08.15 11:04 B C:\shareddocs\bonita springs friends\site2012\recaptchalib.php --> papyrusdocument.com /bs2012 recaptchalib.php
2012.08.15 11:04 B C:\shareddocs\bonita springs friends\site2012\google312a8508bc5c6397.html --> papyrusdocument.com /bs2012 google312a8508bc5c6397.html
2012.08.15 11:04 B C:\shareddocs\bonita springs friends\site2012\formmail.php --> papyrusdocument.com /bs2012 formmail.php
2012.08.15 11:04 B C:\shareddocs\bonita springs friends\site2012\favicon.ico --> papyrusdocument.com /bs2012 favicon.ico
2012.08.15 11:04 B C:\shareddocs\bonita springs friends\site2012\detectmobilebrowser.js --> papyrusdocument.com /bs2012 detectmobilebrowser.js
2012.08.15 11:04 B C:\shareddocs\bonita springs friends\site2012\desktop.ini --> papyrusdocument.com /bs2012 desktop.ini
2012.11.08 11:14 B C:\shareddocs\bonita springs friends\site2012\default.htm --> papyrusdocument.com /bs2012 default.htm
2012.11.08 11:14 B C:\shareddocs\bonita springs friends\site2012\styles.css --> papyrusdocument.com /bs2012 styles.css
2012.11.08 11:14 B C:\shareddocs\bonita springs friends\site2012\volunteer.htm --> papyrusdocument.com /bs2012 volunteer.htm
2012.11.08 11:14 B C:\shareddocs\bonita springs friends\site2012\thanks.htm --> papyrusdocument.com /bs2012 thanks.htm
2012.11.08 11:14 B C:\shareddocs\bonita springs friends\site2012\purchase.htm --> papyrusdocument.com /bs2012 purchase.htm
2012.11.08 11:14 B C:\shareddocs\bonita springs friends\site2012\membership.htm --> papyrusdocument.com /bs2012 membership.htm
2012.11.08 11:14 B C:\shareddocs\bonita springs friends\site2012\master.dwt --> papyrusdocument.com /bs2012 master.dwt
2012.11.08 11:14 B C:\shareddocs\bonita springs friends\site2012\help.htm --> papyrusdocument.com /bs2012 help.htm
2012.11.08 11:14 B C:\shareddocs\bonita springs friends\site2012\galleries.htm --> papyrusdocument.com /bs2012 galleries.htm
2012.11.08 11:14 B C:\shareddocs\bonita springs friends\site2012\events.htm --> papyrusdocument.com /bs2012 events.htm
2012.11.08 11:14 B C:\shareddocs\bonita springs friends\site2012\disclaimer.htm --> papyrusdocument.com /bs2012 disclaimer.htm
2012.11.08 11:14 B C:\shareddocs\bonita springs friends\site2012\contact.htm --> papyrusdocument.com /bs2012 contact.htm
2012.11.08 11:14 B C:\shareddocs\bonita springs friends\site2012\calendar.html --> papyrusdocument.com /bs2012 calendar.html
2012.11.08 11:14 B C:\shareddocs\bonita springs friends\site2012\book-sales.htm --> papyrusdocument.com /bs2012 book-sales.htm
2012.11.08 11:14 B C:\shareddocs\bonita springs friends\site2012\board.htm --> papyrusdocument.com /bs2012 board.htm
2012.11.08 11:14 B C:\shareddocs\bonita springs friends\site2012\accomplishments.htm --> papyrusdocument.com /bs2012 accomplishments.htm
2012.11.08 11:14 B C:\shareddocs\bonita springs friends\site2012\about.htm --> papyrusdocument.com /bs2012 about.htm
2012.11.08 11:14 B C:\shareddocs\bonita springs friends\site2012\2013authors.htm --> papyrusdocument.com /bs2012 2013authors.htm
2012.11.08 11:14 B C:\shareddocs\bonita springs friends\site2012\2012authors.htm --> papyrusdocument.com /bs2012 2012authors.htm
2012.11.08 11:19 B C:\shareddocs\bonita springs friends\site2012\styles.css --> papyrusdocument.com /bs2012 styles.css
2012.11.08 11:20 B C:\shareddocs\bonita springs friends\site2012\styles.css --> papyrusdocument.com /bs2012 styles.css
2012.11.08 11:21 B C:\shareddocs\bonita springs friends\site2012\styles.css --> papyrusdocument.com /bs2012 styles.css
2012.11.08 11:21 B C:\shareddocs\bonita springs friends\site2012\styles.css --> papyrusdocument.com /bs2012 styles.css
2012.11.08 11:21 B C:\shareddocs\bonita springs friends\site2012\styles.css --> papyrusdocument.com /bs2012 styles.css
2012.11.08 11:22 B C:\shareddocs\bonita springs friends\site2012\styles.css --> papyrusdocument.com /bs2012 styles.css
2012.11.08 11:23 B C:\shareddocs\bonita springs friends\site2012\book-sales.htm --> papyrusdocument.com /bs2012 book-sales.htm
2012.11.08 11:23 B C:\shareddocs\bonita springs friends\site2012\WS_FTP.LOG --> papyrusdocument.com /bs2012 WS_FTP.LOG
2012.11.08 11:23 B C:\shareddocs\bonita springs friends\site2012\volunteer.htm --> papyrusdocument.com /bs2012 volunteer.htm
2012.11.08 11:23 B C:\shareddocs\bonita springs friends\site2012\thanks.htm --> papyrusdocument.com /bs2012 thanks.htm
2012.11.08 11:23 B C:\shareddocs\bonita springs friends\site2012\styles.css --> papyrusdocument.com /bs2012 styles.css
2012.11.08 11:23 B C:\shareddocs\bonita springs friends\site2012\purchase.htm --> papyrusdocument.com /bs2012 purchase.htm
2012.11.08 11:23 B C:\shareddocs\bonita springs friends\site2012\membership.htm --> papyrusdocument.com /bs2012 membership.htm
2012.11.08 11:23 B C:\shareddocs\bonita springs friends\site2012\master.dwt --> papyrusdocument.com /bs2012 master.dwt
2012.11.08 11:23 B C:\shareddocs\bonita springs friends\site2012\help.htm --> papyrusdocument.com /bs2012 help.htm
2012.11.08 11:23 B C:\shareddocs\bonita springs friends\site2012\galleries.htm --> papyrusdocument.com /bs2012 galleries.htm
2012.11.08 11:23 B C:\shareddocs\bonita springs friends\site2012\events.htm --> papyrusdocument.com /bs2012 events.htm
2012.11.08 11:23 B C:\shareddocs\bonita springs friends\site2012\disclaimer.htm --> papyrusdocument.com /bs2012 disclaimer.htm
2012.11.08 11:23 B C:\shareddocs\bonita springs friends\site2012\contact.htm --> papyrusdocument.com /bs2012 contact.htm
2012.11.08 11:23 B C:\shareddocs\bonita springs friends\site2012\calendar.html --> papyrusdocument.com /bs2012 calendar.html
2012.11.08 11:23 B C:\shareddocs\bonita springs friends\site2012\board.htm --> papyrusdocument.com /bs2012 board.htm
2012.11.08 11:23 B C:\shareddocs\bonita springs friends\site2012\accomplishments.htm --> papyrusdocument.com /bs2012 accomplishments.htm
2012.11.08 11:23 B C:\shareddocs\bonita springs friends\site2012\about.htm --> papyrusdocument.com /bs2012 about.htm
2012.11.08 11:23 B C:\shareddocs\bonita springs friends\site2012\2013authors.htm --> papyrusdocument.com /bs2012 2013authors.htm
2012.11.08 11:23 B C:\shareddocs\bonita springs friends\site2012\2012authors.htm --> papyrusdocument.com /bs2012 2012authors.htm
2012.11.08 11:23 B C:\shareddocs\bonita springs friends\site2012\default.htm --> papyrusdocument.com /bs2012 default.htm
2012.11.08 11:24 B C:\shareddocs\bonita springs friends\site2012\styles.css --> papyrusdocument.com /bs2012 styles.css
2012.11.08 11:42 B C:\shareddocs\bonita springs friends\site2012\membership.htm --> papyrusdocument.com /bs2012 membership.htm
2012.11.08 13:31 B C:\shareddocs\bonita springs friends\site2012\styles.css --> papyrusdocument.com /bs2012 styles.css
