2012.08.15 11:01 B C:\shareddocs\bonita springs friends\site2012\images\bsfriends-newhome.png --> papyrusdocument.com /bs2012/images bsfriends-newhome.png
2012.08.15 11:01 B C:\shareddocs\bonita springs friends\site2012\images\photo.png --> papyrusdocument.com /bs2012/images photo.png
2012.08.15 11:01 B C:\shareddocs\bonita springs friends\site2012\images\book_open.png --> papyrusdocument.com /bs2012/images book_open.png
2012.08.15 11:01 B C:\shareddocs\bonita springs friends\site2012\images\book.png --> papyrusdocument.com /bs2012/images book.png
2012.08.15 11:01 B C:\shareddocs\bonita springs friends\site2012\images\2010 Library Tree_small.JPG --> papyrusdocument.com /bs2012/images 2010 Library Tree_small.JPG
2012.08.15 11:01 B C:\shareddocs\bonita springs friends\site2012\images\2010 Library Tree.JPG --> papyrusdocument.com /bs2012/images 2010 Library Tree.JPG
2012.08.15 11:01 B C:\shareddocs\bonita springs friends\site2012\images\smallman.jpg --> papyrusdocument.com /bs2012/images smallman.jpg
2012.08.15 11:01 B C:\shareddocs\bonita springs friends\site2012\images\corcoran.jpg --> papyrusdocument.com /bs2012/images corcoran.jpg
2012.08.15 11:01 B C:\shareddocs\bonita springs friends\site2012\images\cohen.jpg --> papyrusdocument.com /bs2012/images cohen.jpg
2012.08.15 11:01 B C:\shareddocs\bonita springs friends\site2012\images\page_white_acrobat.png --> papyrusdocument.com /bs2012/images page_white_acrobat.png
2012.08.15 11:01 B C:\shareddocs\bonita springs friends\site2012\images\2010dessert.JPG --> papyrusdocument.com /bs2012/images 2010dessert.JPG
2012.08.15 11:01 B C:\shareddocs\bonita springs friends\site2012\images\2010death.JPG --> papyrusdocument.com /bs2012/images 2010death.JPG
2012.08.15 11:01 B C:\shareddocs\bonita springs friends\site2012\images\volunteer.jpg --> papyrusdocument.com /bs2012/images volunteer.jpg
2012.08.15 11:01 B C:\shareddocs\bonita springs friends\site2012\images\bookstack.jpg --> papyrusdocument.com /bs2012/images bookstack.jpg
2012.08.15 11:01 B C:\shareddocs\bonita springs friends\site2012\images\bsfriendslogo.jpg --> papyrusdocument.com /bs2012/images bsfriendslogo.jpg
2012.08.15 11:01 B C:\shareddocs\bonita springs friends\site2012\images\bsfriends.jpg --> papyrusdocument.com /bs2012/images bsfriends.jpg
2012.08.15 11:01 B C:\shareddocs\bonita springs friends\site2012\images\assist.jpg --> papyrusdocument.com /bs2012/images assist.jpg
2012.08.15 11:01 B C:\shareddocs\bonita springs friends\site2012\images\donate.png --> papyrusdocument.com /bs2012/images donate.png
2012.08.15 11:01 B C:\shareddocs\bonita springs friends\site2012\images\letter.png --> papyrusdocument.com /bs2012/images letter.png
2012.08.15 11:01 B C:\shareddocs\bonita springs friends\site2012\images\header.jpg --> papyrusdocument.com /bs2012/images header.jpg
2012.08.15 11:01 B C:\shareddocs\bonita springs friends\site2012\images\blue-sidebar-background.jpg --> papyrusdocument.com /bs2012/images blue-sidebar-background.jpg
2012.08.15 11:01 B C:\shareddocs\bonita springs friends\site2012\images\spacer.gif --> papyrusdocument.com /bs2012/images spacer.gif
2012.11.08 10:40 B C:\shareddocs\bonita springs friends\site2012\images\beach-book-1.jpg --> papyrusdocument.com /bs2012/images beach-book-1.jpg
2012.11.08 10:40 B C:\shareddocs\bonita springs friends\site2012\images\Beach-Book.jpg --> papyrusdocument.com /bs2012/images Beach-Book.jpg
2012.11.08 10:40 B C:\shareddocs\bonita springs friends\site2012\images\beach-reading.jpg --> papyrusdocument.com /bs2012/images beach-reading.jpg
2012.11.08 10:40 B C:\shareddocs\bonita springs friends\site2012\images\beach_reading_c.jpg --> papyrusdocument.com /bs2012/images beach_reading_c.jpg
2012.11.08 10:40 B C:\shareddocs\bonita springs friends\site2012\images\blue-back.png --> papyrusdocument.com /bs2012/images blue-back.png
2012.11.08 10:40 B C:\shareddocs\bonita springs friends\site2012\images\book-for-sale.jpg --> papyrusdocument.com /bs2012/images book-for-sale.jpg
2012.11.08 10:40 B C:\shareddocs\bonita springs friends\site2012\images\book_sunglass.jpg --> papyrusdocument.com /bs2012/images book_sunglass.jpg
2012.11.08 10:40 B C:\shareddocs\bonita springs friends\site2012\images\books2.jpg --> papyrusdocument.com /bs2012/images books2.jpg
2012.11.08 10:40 B C:\shareddocs\bonita springs friends\site2012\images\booksale-jacket.jpg --> papyrusdocument.com /bs2012/images booksale-jacket.jpg
2012.11.08 10:40 B C:\shareddocs\bonita springs friends\site2012\images\bottom-wave.png --> papyrusdocument.com /bs2012/images bottom-wave.png
2012.11.08 10:40 B C:\shareddocs\bonita springs friends\site2012\images\bsfriends-floating-pelican-interior.png --> papyrusdocument.com /bs2012/images bsfriends-floating-pelican-interior.png
2012.11.08 10:40 B C:\shareddocs\bonita springs friends\site2012\images\bsfriends-floating-pelican.png --> papyrusdocument.com /bs2012/images bsfriends-floating-pelican.png
2012.11.08 10:40 B C:\shareddocs\bonita springs friends\site2012\images\calendar.png --> papyrusdocument.com /bs2012/images calendar.png
2012.11.08 10:41 B C:\shareddocs\bonita springs friends\site2012\images\coffee.psd --> papyrusdocument.com /bs2012/images coffee.psd
2012.11.08 10:41 B C:\shareddocs\bonita springs friends\site2012\images\donation-book.jpg --> papyrusdocument.com /bs2012/images donation-book.jpg
2012.11.08 10:41 B C:\shareddocs\bonita springs friends\site2012\images\email_edit.png --> papyrusdocument.com /bs2012/images email_edit.png
2012.11.08 10:41 B C:\shareddocs\bonita springs friends\site2012\images\globe.gif --> papyrusdocument.com /bs2012/images globe.gif
2012.11.08 10:41 B C:\shareddocs\bonita springs friends\site2012\images\globe.jpg --> papyrusdocument.com /bs2012/images globe.jpg
2012.11.08 10:41 B C:\shareddocs\bonita springs friends\site2012\images\green-back.png --> papyrusdocument.com /bs2012/images green-back.png
2012.11.08 10:41 B C:\shareddocs\bonita springs friends\site2012\images\havlin.jpg --> papyrusdocument.com /bs2012/images havlin.jpg
2012.11.08 10:41 B C:\shareddocs\bonita springs friends\site2012\images\img11.jpg --> papyrusdocument.com /bs2012/images img11.jpg
2012.11.08 10:41 B C:\shareddocs\bonita springs friends\site2012\images\library-lady.jpg --> papyrusdocument.com /bs2012/images library-lady.jpg
2012.11.08 10:41 B C:\shareddocs\bonita springs friends\site2012\images\library-stacks.jpg --> papyrusdocument.com /bs2012/images library-stacks.jpg
2012.11.08 10:41 B C:\shareddocs\bonita springs friends\site2012\images\library30.jpg --> papyrusdocument.com /bs2012/images library30.jpg
2012.11.08 10:41 B C:\shareddocs\bonita springs friends\site2012\images\man-library.jpg --> papyrusdocument.com /bs2012/images man-library.jpg
2012.11.08 10:41 B C:\shareddocs\bonita springs friends\site2012\images\man-on-stacks.jpg --> papyrusdocument.com /bs2012/images man-on-stacks.jpg
2012.11.08 10:41 B C:\shareddocs\bonita springs friends\site2012\images\orange-back.png --> papyrusdocument.com /bs2012/images orange-back.png
2012.11.08 10:41 B C:\shareddocs\bonita springs friends\site2012\images\stock-photo-5870286-life-is-a-beach.jpg --> papyrusdocument.com /bs2012/images stock-photo-5870286-life-is-a-beach.jpg
2012.11.08 10:41 B C:\shareddocs\bonita springs friends\site2012\images\stock-photo-6049177-sunglasses-and-book-on-beach-chair.jpg --> papyrusdocument.com /bs2012/images stock-photo-6049177-sunglasses-and-book-on-beach-chair.jpg
2012.11.08 11:11 B C:\shareddocs\bonita springs friends\site2012\images\bsfriends-floating-pelican-interior.png --> papyrusdocument.com /bs2012/images bsfriends-floating-pelican-interior.png
2012.11.08 11:11 B C:\shareddocs\bonita springs friends\site2012\images\top-wave.png --> papyrusdocument.com /bs2012/images top-wave.png
2012.11.08 11:11 B C:\shareddocs\bonita springs friends\site2012\images\mini-logo.jpg --> papyrusdocument.com /bs2012/images mini-logo.jpg
2012.11.08 11:11 B C:\shareddocs\bonita springs friends\site2012\images\WS_FTP.LOG --> papyrusdocument.com /bs2012/images WS_FTP.LOG
2012.11.08 11:11 B C:\shareddocs\bonita springs friends\site2012\images\book-for-sale.jpg --> papyrusdocument.com /bs2012/images book-for-sale.jpg
2012.11.08 11:11 B C:\shareddocs\bonita springs friends\site2012\images\man-on-stacks.jpg --> papyrusdocument.com /bs2012/images man-on-stacks.jpg
2012.11.08 11:11 B C:\shareddocs\bonita springs friends\site2012\images\library30.jpg --> papyrusdocument.com /bs2012/images library30.jpg
2012.11.08 11:11 B C:\shareddocs\bonita springs friends\site2012\images\beach-book-1.jpg --> papyrusdocument.com /bs2012/images beach-book-1.jpg
2012.11.08 11:11 B C:\shareddocs\bonita springs friends\site2012\images\book_sunglass.jpg --> papyrusdocument.com /bs2012/images book_sunglass.jpg
2012.11.08 11:11 B C:\shareddocs\bonita springs friends\site2012\images\booksale-jacket.jpg --> papyrusdocument.com /bs2012/images booksale-jacket.jpg
2012.11.08 11:11 B C:\shareddocs\bonita springs friends\site2012\images\Beach-Book.jpg --> papyrusdocument.com /bs2012/images Beach-Book.jpg
2012.11.08 11:11 B C:\shareddocs\bonita springs friends\site2012\images\library-lady.jpg --> papyrusdocument.com /bs2012/images library-lady.jpg
2012.11.08 11:11 B C:\shareddocs\bonita springs friends\site2012\images\beach_reading_c.jpg --> papyrusdocument.com /bs2012/images beach_reading_c.jpg
2012.11.08 11:11 B C:\shareddocs\bonita springs friends\site2012\images\beach-reading.jpg --> papyrusdocument.com /bs2012/images beach-reading.jpg
2012.11.08 11:11 B C:\shareddocs\bonita springs friends\site2012\images\bsfriends-floating-pelican.png --> papyrusdocument.com /bs2012/images bsfriends-floating-pelican.png
2012.11.08 11:11 B C:\shareddocs\bonita springs friends\site2012\images\bottom-wave.png --> papyrusdocument.com /bs2012/images bottom-wave.png
2012.11.08 11:11 B C:\shareddocs\bonita springs friends\site2012\images\orange-back.png --> papyrusdocument.com /bs2012/images orange-back.png
2012.11.08 11:11 B C:\shareddocs\bonita springs friends\site2012\images\blue-back.png --> papyrusdocument.com /bs2012/images blue-back.png
2012.11.08 11:11 B C:\shareddocs\bonita springs friends\site2012\images\green-back.png --> papyrusdocument.com /bs2012/images green-back.png
2012.11.08 11:11 B C:\shareddocs\bonita springs friends\site2012\images\library-stacks.jpg --> papyrusdocument.com /bs2012/images library-stacks.jpg
2012.11.08 11:11 B C:\shareddocs\bonita springs friends\site2012\images\stock-photo-6049177-sunglasses-and-book-on-beach-chair.jpg --> papyrusdocument.com /bs2012/images stock-photo-6049177-sunglasses-and-book-on-beach-chair.jpg
2012.11.08 11:11 B C:\shareddocs\bonita springs friends\site2012\images\stock-photo-5870286-life-is-a-beach.jpg --> papyrusdocument.com /bs2012/images stock-photo-5870286-life-is-a-beach.jpg
2012.11.08 11:11 B C:\shareddocs\bonita springs friends\site2012\images\books2.jpg --> papyrusdocument.com /bs2012/images books2.jpg
2012.11.08 11:11 B C:\shareddocs\bonita springs friends\site2012\images\man-library.jpg --> papyrusdocument.com /bs2012/images man-library.jpg
2012.11.08 11:11 B C:\shareddocs\bonita springs friends\site2012\images\email_edit.png --> papyrusdocument.com /bs2012/images email_edit.png
2012.11.08 11:12 B C:\shareddocs\bonita springs friends\site2012\images\havlin.jpg --> papyrusdocument.com /bs2012/images havlin.jpg
2012.11.08 11:12 B C:\shareddocs\bonita springs friends\site2012\images\coffee.psd --> papyrusdocument.com /bs2012/images coffee.psd
2012.11.08 11:12 B C:\shareddocs\bonita springs friends\site2012\images\globe.gif --> papyrusdocument.com /bs2012/images globe.gif
2012.11.08 11:12 B C:\shareddocs\bonita springs friends\site2012\images\img11.jpg --> papyrusdocument.com /bs2012/images img11.jpg
2012.11.08 11:12 B C:\shareddocs\bonita springs friends\site2012\images\button-up.png --> papyrusdocument.com /bs2012/images button-up.png
2012.11.08 11:12 B C:\shareddocs\bonita springs friends\site2012\images\button-dn.png --> papyrusdocument.com /bs2012/images button-dn.png
2012.11.08 11:12 B C:\shareddocs\bonita springs friends\site2012\images\book-bottom.psd --> papyrusdocument.com /bs2012/images book-bottom.psd
2012.11.08 11:12 B C:\shareddocs\bonita springs friends\site2012\images\pushpin.psd --> papyrusdocument.com /bs2012/images pushpin.psd
2012.11.08 11:12 B C:\shareddocs\bonita springs friends\site2012\images\bssidebar2012.png --> papyrusdocument.com /bs2012/images bssidebar2012.png
2012.11.08 11:12 B C:\shareddocs\bonita springs friends\site2012\images\yellow-book-fade.jpg --> papyrusdocument.com /bs2012/images yellow-book-fade.jpg
2012.11.08 11:12 B C:\shareddocs\bonita springs friends\site2012\images\stripe.jpg --> papyrusdocument.com /bs2012/images stripe.jpg
2012.11.08 11:12 B C:\shareddocs\bonita springs friends\site2012\images\bs.png --> papyrusdocument.com /bs2012/images bs.png
2012.11.08 11:12 B C:\shareddocs\bonita springs friends\site2012\images\yellow-book.JPG --> papyrusdocument.com /bs2012/images yellow-book.JPG
2012.11.08 11:12 B C:\shareddocs\bonita springs friends\site2012\images\donation-book.jpg --> papyrusdocument.com /bs2012/images donation-book.jpg
2012.11.08 11:12 B C:\shareddocs\bonita springs friends\site2012\images\globe.jpg --> papyrusdocument.com /bs2012/images globe.jpg
2012.11.08 11:12 B C:\shareddocs\bonita springs friends\site2012\images\calendar.png --> papyrusdocument.com /bs2012/images calendar.png
2012.11.08 11:12 B C:\shareddocs\bonita springs friends\site2012\images\book-bag_small.jpg --> papyrusdocument.com /bs2012/images book-bag_small.jpg
2012.11.08 11:12 B C:\shareddocs\bonita springs friends\site2012\images\book-bag.jpg --> papyrusdocument.com /bs2012/images book-bag.jpg
2012.11.08 11:12 B C:\shareddocs\bonita springs friends\site2012\images\photo.png --> papyrusdocument.com /bs2012/images photo.png
2012.11.08 11:12 B C:\shareddocs\bonita springs friends\site2012\images\book_open.png --> papyrusdocument.com /bs2012/images book_open.png
2012.11.08 11:12 B C:\shareddocs\bonita springs friends\site2012\images\book.png --> papyrusdocument.com /bs2012/images book.png
2012.11.08 11:12 B C:\shareddocs\bonita springs friends\site2012\images\2010 Library Tree_small.JPG --> papyrusdocument.com /bs2012/images 2010 Library Tree_small.JPG
2012.11.08 11:12 B C:\shareddocs\bonita springs friends\site2012\images\2010 Library Tree.JPG --> papyrusdocument.com /bs2012/images 2010 Library Tree.JPG
2012.11.08 11:12 B C:\shareddocs\bonita springs friends\site2012\images\smallman.jpg --> papyrusdocument.com /bs2012/images smallman.jpg
2012.11.08 11:12 B C:\shareddocs\bonita springs friends\site2012\images\corcoran.jpg --> papyrusdocument.com /bs2012/images corcoran.jpg
2012.11.08 11:12 B C:\shareddocs\bonita springs friends\site2012\images\cohen.jpg --> papyrusdocument.com /bs2012/images cohen.jpg
2012.11.08 11:12 B C:\shareddocs\bonita springs friends\site2012\images\page_white_acrobat.png --> papyrusdocument.com /bs2012/images page_white_acrobat.png
2012.11.08 11:13 B C:\shareddocs\bonita springs friends\site2012\images\2010dessert.JPG --> papyrusdocument.com /bs2012/images 2010dessert.JPG
2012.11.08 11:13 B C:\shareddocs\bonita springs friends\site2012\images\2010death.JPG --> papyrusdocument.com /bs2012/images 2010death.JPG
2012.11.08 11:13 B C:\shareddocs\bonita springs friends\site2012\images\bookstack.jpg --> papyrusdocument.com /bs2012/images bookstack.jpg
2012.11.08 11:13 B C:\shareddocs\bonita springs friends\site2012\images\bsfriendslogo.jpg --> papyrusdocument.com /bs2012/images bsfriendslogo.jpg
2012.11.08 11:13 B C:\shareddocs\bonita springs friends\site2012\images\bsfriends.jpg --> papyrusdocument.com /bs2012/images bsfriends.jpg
2012.11.08 11:13 B C:\shareddocs\bonita springs friends\site2012\images\donate.png --> papyrusdocument.com /bs2012/images donate.png
2012.11.08 11:13 B C:\shareddocs\bonita springs friends\site2012\images\letter.png --> papyrusdocument.com /bs2012/images letter.png
2012.11.08 11:13 B C:\shareddocs\bonita springs friends\site2012\images\header.jpg --> papyrusdocument.com /bs2012/images header.jpg
2012.11.08 11:13 B C:\shareddocs\bonita springs friends\site2012\images\blue-sidebar-background.jpg --> papyrusdocument.com /bs2012/images blue-sidebar-background.jpg
2012.11.08 11:13 B C:\shareddocs\bonita springs friends\site2012\images\spacer.gif --> papyrusdocument.com /bs2012/images spacer.gif
2012.11.08 11:13 B C:\shareddocs\bonita springs friends\site2012\images\WS_FTP.LOG --> papyrusdocument.com /bs2012/images/home WS_FTP.LOG
2012.11.08 11:13 B C:\shareddocs\bonita springs friends\site2012\images\WS_FTP.LOG --> papyrusdocument.com /bs2012/images/home WS_FTP.LOG
2012.11.08 11:13 B C:\shareddocs\bonita springs friends\site2012\images\bsfriends-floating-pelican-interior.png --> papyrusdocument.com /bs2012/images/home bsfriends-floating-pelican-interior.png
2012.11.08 11:13 B C:\shareddocs\bonita springs friends\site2012\images\top-wave.png --> papyrusdocument.com /bs2012/images/home top-wave.png
2012.11.08 11:13 B C:\shareddocs\bonita springs friends\site2012\images\mini-logo.jpg --> papyrusdocument.com /bs2012/images/home mini-logo.jpg
2012.11.08 11:13 B C:\shareddocs\bonita springs friends\site2012\images\book-for-sale.jpg --> papyrusdocument.com /bs2012/images/home book-for-sale.jpg
2012.11.08 11:13 B C:\shareddocs\bonita springs friends\site2012\images\man-on-stacks.jpg --> papyrusdocument.com /bs2012/images/home man-on-stacks.jpg
