vti_encoding:SR|utf8-nl
vti_timelastmodified:TR|15 Aug 2012 15:01:46 -0000
vti_extenderversion:SR|12.0.0.0
vti_author:SR|Kim-AcerLaptop\\Kim
vti_modifiedby:SR|Kim-AcerLaptop\\Kim
vti_timecreated:TR|15 Aug 2012 15:01:46 -0000
vti_syncwith_papyrusdocument.com\:21/bs2012:TR|15 Aug 2012 15:01:46 -0000
vti_syncofs_papyrusdocument.com\:21/bs2012:TW|20 Aug 2012 14:03:36 -0000
2012.11.08 10:39 B C:\shareddocs\bonita springs friends\site2012\images\_vti_cnf\2010 Library Tree.JPG --> papyrusdocument.com /bs2012/images/_vti_cnf 2010 Library Tree.JPG
2012.11.08 10:39 B C:\shareddocs\bonita springs friends\site2012\images\_vti_cnf\2010 Library Tree_small.JPG --> papyrusdocument.com /bs2012/images/_vti_cnf 2010 Library Tree_small.JPG
2012.11.08 10:39 B C:\shareddocs\bonita springs friends\site2012\images\_vti_cnf\2010death.JPG --> papyrusdocument.com /bs2012/images/_vti_cnf 2010death.JPG
2012.11.08 10:39 B C:\shareddocs\bonita springs friends\site2012\images\_vti_cnf\2010dessert.JPG --> papyrusdocument.com /bs2012/images/_vti_cnf 2010dessert.JPG
2012.11.08 10:39 B C:\shareddocs\bonita springs friends\site2012\images\_vti_cnf\assist.jpg --> papyrusdocument.com /bs2012/images/_vti_cnf assist.jpg
2012.11.08 10:39 B C:\shareddocs\bonita springs friends\site2012\images\_vti_cnf\beach-book-1.jpg --> papyrusdocument.com /bs2012/images/_vti_cnf beach-book-1.jpg
2012.11.08 10:39 B C:\shareddocs\bonita springs friends\site2012\images\_vti_cnf\Beach-Book.jpg --> papyrusdocument.com /bs2012/images/_vti_cnf Beach-Book.jpg
2012.11.08 10:39 B C:\shareddocs\bonita springs friends\site2012\images\_vti_cnf\beach-reading.jpg --> papyrusdocument.com /bs2012/images/_vti_cnf beach-reading.jpg
2012.11.08 10:39 B C:\shareddocs\bonita springs friends\site2012\images\_vti_cnf\beach_reading_c.jpg --> papyrusdocument.com /bs2012/images/_vti_cnf beach_reading_c.jpg
2012.11.08 10:39 B C:\shareddocs\bonita springs friends\site2012\images\_vti_cnf\blue-back.png --> papyrusdocument.com /bs2012/images/_vti_cnf blue-back.png
2012.11.08 10:39 B C:\shareddocs\bonita springs friends\site2012\images\_vti_cnf\blue-sidebar-background.jpg --> papyrusdocument.com /bs2012/images/_vti_cnf blue-sidebar-background.jpg
2012.11.08 10:39 B C:\shareddocs\bonita springs friends\site2012\images\_vti_cnf\book-bag.jpg --> papyrusdocument.com /bs2012/images/_vti_cnf book-bag.jpg
2012.11.08 10:39 B C:\shareddocs\bonita springs friends\site2012\images\_vti_cnf\book-bag_small.jpg --> papyrusdocument.com /bs2012/images/_vti_cnf book-bag_small.jpg
2012.11.08 10:39 B C:\shareddocs\bonita springs friends\site2012\images\_vti_cnf\book-bottom.jpg --> papyrusdocument.com /bs2012/images/_vti_cnf book-bottom.jpg
2012.11.08 10:39 B C:\shareddocs\bonita springs friends\site2012\images\_vti_cnf\book-bottom.psd --> papyrusdocument.com /bs2012/images/_vti_cnf book-bottom.psd
2012.11.08 10:39 B C:\shareddocs\bonita springs friends\site2012\images\_vti_cnf\book.png --> papyrusdocument.com /bs2012/images/_vti_cnf book.png
2012.11.08 10:39 B C:\shareddocs\bonita springs friends\site2012\images\_vti_cnf\book_open.png --> papyrusdocument.com /bs2012/images/_vti_cnf book_open.png
2012.11.08 10:39 B C:\shareddocs\bonita springs friends\site2012\images\_vti_cnf\book_sunglass.jpg --> papyrusdocument.com /bs2012/images/_vti_cnf book_sunglass.jpg
2012.11.08 10:39 B C:\shareddocs\bonita springs friends\site2012\images\_vti_cnf\books2.jpg --> papyrusdocument.com /bs2012/images/_vti_cnf books2.jpg
2012.11.08 10:39 B C:\shareddocs\bonita springs friends\site2012\images\_vti_cnf\booksale-jacket.jpg --> papyrusdocument.com /bs2012/images/_vti_cnf booksale-jacket.jpg
2012.11.08 10:39 B C:\shareddocs\bonita springs friends\site2012\images\_vti_cnf\bookstack.jpg --> papyrusdocument.com /bs2012/images/_vti_cnf bookstack.jpg
2012.11.08 10:39 B C:\shareddocs\bonita springs friends\site2012\images\_vti_cnf\bottom-wave.png --> papyrusdocument.com /bs2012/images/_vti_cnf bottom-wave.png
2012.11.08 10:39 B C:\shareddocs\bonita springs friends\site2012\images\_vti_cnf\bs.png --> papyrusdocument.com /bs2012/images/_vti_cnf bs.png
2012.11.08 10:39 B C:\shareddocs\bonita springs friends\site2012\images\_vti_cnf\bsfriends-floating-pelican-interior.png --> papyrusdocument.com /bs2012/images/_vti_cnf bsfriends-floating-pelican-interior.png
2012.11.08 10:39 B C:\shareddocs\bonita springs friends\site2012\images\_vti_cnf\bsfriends-floating-pelican.png --> papyrusdocument.com /bs2012/images/_vti_cnf bsfriends-floating-pelican.png
2012.11.08 10:40 B C:\shareddocs\bonita springs friends\site2012\images\_vti_cnf\bsfriends.jpg --> papyrusdocument.com /bs2012/images/_vti_cnf bsfriends.jpg
2012.11.08 10:40 B C:\shareddocs\bonita springs friends\site2012\images\_vti_cnf\bsfriendslogo.jpg --> papyrusdocument.com /bs2012/images/_vti_cnf bsfriendslogo.jpg
2012.11.08 10:40 B C:\shareddocs\bonita springs friends\site2012\images\_vti_cnf\bssidebar2012.png --> papyrusdocument.com /bs2012/images/_vti_cnf bssidebar2012.png
2012.11.08 10:40 B C:\shareddocs\bonita springs friends\site2012\images\_vti_cnf\button-dn.png --> papyrusdocument.com /bs2012/images/_vti_cnf button-dn.png
2012.11.08 10:40 B C:\shareddocs\bonita springs friends\site2012\images\_vti_cnf\button-up.png --> papyrusdocument.com /bs2012/images/_vti_cnf button-up.png
2012.11.08 10:40 B C:\shareddocs\bonita springs friends\site2012\images\_vti_cnf\calendar.png --> papyrusdocument.com /bs2012/images/_vti_cnf calendar.png
2012.11.08 10:40 B C:\shareddocs\bonita springs friends\site2012\images\_vti_cnf\coffee.psd --> papyrusdocument.com /bs2012/images/_vti_cnf coffee.psd
2012.11.08 10:40 B C:\shareddocs\bonita springs friends\site2012\images\_vti_cnf\cohen.jpg --> papyrusdocument.com /bs2012/images/_vti_cnf cohen.jpg
2012.11.08 10:40 B C:\shareddocs\bonita springs friends\site2012\images\_vti_cnf\corcoran.jpg --> papyrusdocument.com /bs2012/images/_vti_cnf corcoran.jpg
2012.11.08 10:40 B C:\shareddocs\bonita springs friends\site2012\images\_vti_cnf\donate.png --> papyrusdocument.com /bs2012/images/_vti_cnf donate.png
2012.11.08 10:40 B C:\shareddocs\bonita springs friends\site2012\images\_vti_cnf\donation-book.jpg --> papyrusdocument.com /bs2012/images/_vti_cnf donation-book.jpg
2012.11.08 10:40 B C:\shareddocs\bonita springs friends\site2012\images\_vti_cnf\email_edit.png --> papyrusdocument.com /bs2012/images/_vti_cnf email_edit.png
2012.11.08 10:40 B C:\shareddocs\bonita springs friends\site2012\images\_vti_cnf\globe.gif --> papyrusdocument.com /bs2012/images/_vti_cnf globe.gif
2012.11.08 10:40 B C:\shareddocs\bonita springs friends\site2012\images\_vti_cnf\globe.jpg --> papyrusdocument.com /bs2012/images/_vti_cnf globe.jpg
2012.11.08 10:40 B C:\shareddocs\bonita springs friends\site2012\images\_vti_cnf\green-back.png --> papyrusdocument.com /bs2012/images/_vti_cnf green-back.png
2012.11.08 10:40 B C:\shareddocs\bonita springs friends\site2012\images\_vti_cnf\havlin.jpg --> papyrusdocument.com /bs2012/images/_vti_cnf havlin.jpg
2012.11.08 10:40 B C:\shareddocs\bonita springs friends\site2012\images\_vti_cnf\header.jpg --> papyrusdocument.com /bs2012/images/_vti_cnf header.jpg
2012.11.08 10:40 B C:\shareddocs\bonita springs friends\site2012\images\_vti_cnf\img11.jpg --> papyrusdocument.com /bs2012/images/_vti_cnf img11.jpg
2012.11.08 10:40 B C:\shareddocs\bonita springs friends\site2012\images\_vti_cnf\letter.png --> papyrusdocument.com /bs2012/images/_vti_cnf letter.png
2012.11.08 10:40 B C:\shareddocs\bonita springs friends\site2012\images\_vti_cnf\library-lady.jpg --> papyrusdocument.com /bs2012/images/_vti_cnf library-lady.jpg
2012.11.08 10:40 B C:\shareddocs\bonita springs friends\site2012\images\_vti_cnf\library-stacks.jpg --> papyrusdocument.com /bs2012/images/_vti_cnf library-stacks.jpg
2012.11.08 10:40 B C:\shareddocs\bonita springs friends\site2012\images\_vti_cnf\library30.jpg --> papyrusdocument.com /bs2012/images/_vti_cnf library30.jpg
2012.11.08 10:40 B C:\shareddocs\bonita springs friends\site2012\images\_vti_cnf\man-library.jpg --> papyrusdocument.com /bs2012/images/_vti_cnf man-library.jpg
2012.11.08 10:40 B C:\shareddocs\bonita springs friends\site2012\images\_vti_cnf\man-on-stacks.jpg --> papyrusdocument.com /bs2012/images/_vti_cnf man-on-stacks.jpg
2012.11.08 10:40 B C:\shareddocs\bonita springs friends\site2012\images\_vti_cnf\orange-back.png --> papyrusdocument.com /bs2012/images/_vti_cnf orange-back.png
2012.11.08 10:40 B C:\shareddocs\bonita springs friends\site2012\images\_vti_cnf\page_white_acrobat.png --> papyrusdocument.com /bs2012/images/_vti_cnf page_white_acrobat.png
2012.11.08 10:40 B C:\shareddocs\bonita springs friends\site2012\images\_vti_cnf\photo.png --> papyrusdocument.com /bs2012/images/_vti_cnf photo.png
2012.11.08 10:40 B C:\shareddocs\bonita springs friends\site2012\images\_vti_cnf\pushpin.psd --> papyrusdocument.com /bs2012/images/_vti_cnf pushpin.psd
2012.11.08 10:40 B C:\shareddocs\bonita springs friends\site2012\images\_vti_cnf\smallman.jpg --> papyrusdocument.com /bs2012/images/_vti_cnf smallman.jpg
2012.11.08 10:40 B C:\shareddocs\bonita springs friends\site2012\images\_vti_cnf\spacer.gif --> papyrusdocument.com /bs2012/images/_vti_cnf spacer.gif
2012.11.08 10:40 B C:\shareddocs\bonita springs friends\site2012\images\_vti_cnf\stock-photo-5870286-life-is-a-beach.jpg --> papyrusdocument.com /bs2012/images/_vti_cnf stock-photo-5870286-life-is-a-beach.jpg
2012.11.08 10:40 B C:\shareddocs\bonita springs friends\site2012\images\_vti_cnf\stock-photo-6049177-sunglasses-and-book-on-beach-chair.jpg --> papyrusdocument.com /bs2012/images/_vti_cnf stock-photo-6049177-sunglasses-and-book-on-beach-chair.jpg
2012.11.08 10:40 B C:\shareddocs\bonita springs friends\site2012\images\_vti_cnf\stripe.jpg --> papyrusdocument.com /bs2012/images/_vti_cnf stripe.jpg
